<?xml version="1.0" encoding="UTF-8"?>
<!-- Generated by org.testng.reporters.JUnitReportReporter -->
<testsuite hostname="Kashish" failures="0" tests="5" name="testCases.TC_003_LoginDataDriven" time="46.233" errors="0" timestamp="2025-05-24T21:18:52 IST" skipped="0">
  <testcase classname="testCases.TC_003_LoginDataDriven" name="TestLoginDataDriven" time="12.529"/>
  <testcase classname="testCases.TC_003_LoginDataDriven" name="TestLoginDataDriven" time="11.910"/>
  <testcase classname="testCases.TC_003_LoginDataDriven" name="TestLoginDataDriven" time="3.326"/>
  <testcase classname="testCases.TC_003_LoginDataDriven" name="TestLoginDataDriven" time="5.545"/>
  <testcase classname="testCases.TC_003_LoginDataDriven" name="TestLoginDataDriven" time="12.923"/>
</testsuite> <!-- testCases.TC_003_LoginDataDriven -->
