<?xml version="1.0" encoding="UTF-8"?>
<!-- Generated by org.testng.reporters.JUnitReportReporter -->
<testsuite hostname="Kashish" failures="0" tests="1" name="testCases.TC_001_AccountRegistrationTest" time="6.634" errors="0" timestamp="2025-05-28T21:50:33 IST" skipped="0">
  <testcase classname="testCases.TC_001_AccountRegistrationTest" name="verify_account_registration" time="6.634"/>
</testsuite> <!-- testCases.TC_001_AccountRegistrationTest -->
