<?xml version="1.0" encoding="UTF-8"?>
<!-- Generated by org.testng.reporters.JUnitReportReporter -->
<testsuite hostname="Kashish" failures="0" tests="1" name="testCases.TC_002_LoginPage" time="1.158" errors="0" timestamp="2025-05-28T22:49:48 IST" skipped="0">
  <testcase classname="testCases.TC_002_LoginPage" name="testlogin" time="1.158"/>
</testsuite> <!-- testCases.TC_002_LoginPage -->
